  [4;36;1mSQL (0.000334)[0m   [0;1mSET client_encoding TO 'unicode'[0m
  [4;35;1mSQL (0.073742)[0m   [0mCREATE TABLE schema_info (version integer)[0m
  [4;36;1mSQL (0.035943)[0m   [0;1mINSERT INTO schema_info (version) VALUES(0)[0m
  [4;35;1mSQL (0.000000)[0m   [0mPGError: ERROR: relation "schema_info" already exists
: CREATE TABLE schema_info (version integer)[0m
  [4;36;1mSQL (0.000585)[0m   [0;1mSELECT version FROM schema_info[0m
Migrating to CreateCitations (1)
  [4;35;1mSQL (0.096865)[0m   [0mCREATE TABLE citations ("id" serial primary key, "raw_string" text, "authors" text DEFAULT '--- []', "title" text, "year" integer, "publisher" text, "location" text, "booktitle" text, "journal" text, "pages" text, "volume" text, "number" text, "contexts" text DEFAULT '--- []', "tech" text, "institution" text, "editor" text, "note" text, "marker_type" character varying(255), "marker" character varying(255)) [0m
  [4;36;1mSQL (0.001448)[0m   [0;1mUPDATE schema_info SET version = 1[0m
  [4;35;1mSQL (0.000335)[0m   [0mSELECT * FROM schema_info[0m
  [4;36;1mSQL (0.000233)[0m   [0;1mSHOW search_path[0m
  [4;35;1mSQL (0.003548)[0m   [0m SELECT tablename
 FROM pg_tables
 WHERE schemaname IN ('$user','public')
[0m
  [4;36;1mSQL (0.002672)[0m   [0;1m SELECT a.attname, format_type(a.atttypid, a.atttypmod), d.adsrc, a.attnotnull
 FROM pg_attribute a LEFT JOIN pg_attrdef d
 ON a.attrelid = d.adrelid AND a.attnum = d.adnum
 WHERE a.attrelid = 'citations'::regclass
 AND a.attnum > 0 AND NOT a.attisdropped
 ORDER BY a.attnum
[0m
  [4;35;1mPK and serial sequence (0.004334)[0m   [0m SELECT attr.attname, name.nspname, seq.relname
 FROM pg_class seq,
 pg_attribute attr,
 pg_depend dep,
 pg_namespace name,
 pg_constraint cons
 WHERE seq.oid = dep.objid
 AND seq.relnamespace = name.oid
 AND seq.relkind = 'S'
 AND attr.attrelid = dep.refobjid
 AND attr.attnum = dep.refobjsubid
 AND attr.attrelid = cons.conrelid
 AND attr.attnum = cons.conkey[1]
 AND cons.contype = 'p'
 AND dep.refobjid = 'citations'::regclass
[0m
  [4;36;1mSQL (0.002678)[0m   [0;1m SELECT i.relname, d.indisunique, a.attname
 FROM pg_class t, pg_class i, pg_index d, pg_attribute a
 WHERE i.relkind = 'i'
 AND d.indexrelid = i.oid
 AND d.indisprimary = 'f'
 AND t.oid = d.indrelid
 AND t.relname = 'citations'
 AND a.attrelid = t.oid
 AND ( d.indkey[0]=a.attnum OR d.indkey[1]=a.attnum
 OR d.indkey[2]=a.attnum OR d.indkey[3]=a.attnum
 OR d.indkey[4]=a.attnum OR d.indkey[5]=a.attnum
 OR d.indkey[6]=a.attnum OR d.indkey[7]=a.attnum
 OR d.indkey[8]=a.attnum OR d.indkey[9]=a.attnum )
 ORDER BY i.relname
[0m
  [4;36;1mSQL (0.000349)[0m   [0;1mSET client_encoding TO 'unicode'[0m
  [4;35;1mSQL (0.003854)[0m   [0m SELECT a.attname, format_type(a.atttypid, a.atttypmod), d.adsrc, a.attnotnull
 FROM pg_attribute a LEFT JOIN pg_attrdef d
 ON a.attrelid = d.adrelid AND a.attnum = d.adnum
 WHERE a.attrelid = 'citations'::regclass
 AND a.attnum > 0 AND NOT a.attisdropped
 ORDER BY a.attnum
[0m
  [4;36;1mCitation Load (0.002282)[0m   [0;1mSELECT * FROM citations [0m
  [4;35;1mSQL (0.000329)[0m   [0mBEGIN[0m
  [4;36;1mSQL (0.000238)[0m   [0;1mROLLBACK[0m
  [4;36;1mSQL (0.000363)[0m   [0;1mSET client_encoding TO 'unicode'[0m
  [4;35;1mSQL (0.003827)[0m   [0m SELECT a.attname, format_type(a.atttypid, a.atttypmod), d.adsrc, a.attnotnull
 FROM pg_attribute a LEFT JOIN pg_attrdef d
 ON a.attrelid = d.adrelid AND a.attnum = d.adnum
 WHERE a.attrelid = 'citations'::regclass
 AND a.attnum > 0 AND NOT a.attisdropped
 ORDER BY a.attnum
[0m
  [4;36;1mSQL (0.001263)[0m   [0;1mBEGIN[0m
  [4;35;1mPK and serial sequence (0.010280)[0m   [0m SELECT attr.attname, name.nspname, seq.relname
 FROM pg_class seq,
 pg_attribute attr,
 pg_depend dep,
 pg_namespace name,
 pg_constraint cons
 WHERE seq.oid = dep.objid
 AND seq.relnamespace = name.oid
 AND seq.relkind = 'S'
 AND attr.attrelid = dep.refobjid
 AND attr.attnum = dep.refobjsubid
 AND attr.attrelid = cons.conrelid
 AND attr.attnum = cons.conkey[1]
 AND cons.contype = 'p'
 AND dep.refobjid = 'citations'::regclass
[0m
  [4;36;1mCitation Create (0.001608)[0m   [0;1mINSERT INTO citations ("tech", "journal", "raw_string", "institution", "marker_type", "number", "title", "marker", "editor", "publisher", "note", "year", "authors", "booktitle", "contexts", "pages", "volume", "location") VALUES(NULL, NULL, NULL, NULL, NULL, NULL, 'Test citation', NULL, NULL, NULL, NULL, NULL, '--- []', NULL, '--- []', NULL, NULL, NULL)[0m
  [4;35;1mSQL (0.003859)[0m   [0mSELECT currval('public.citations_id_seq')[0m
  [4;36;1mSQL (0.021823)[0m   [0;1mCOMMIT[0m
  [4;35;1mCitation Load (0.001440)[0m   [0mSELECT * FROM citations [0m
  [4;36;1mSQL (0.057941)[0m   [0;1mSET client_encoding TO 'unicode'[0m
  [4;35;1mSQL (0.943639)[0m   [0m SELECT a.attname, format_type(a.atttypid, a.atttypmod), d.adsrc, a.attnotnull
 FROM pg_attribute a LEFT JOIN pg_attrdef d
 ON a.attrelid = d.adrelid AND a.attnum = d.adnum
 WHERE a.attrelid = 'citations'::regclass
 AND a.attnum > 0 AND NOT a.attisdropped
 ORDER BY a.attnum
[0m
  [4;36;1mSQL (0.000631)[0m   [0;1mSET client_encoding TO 'unicode'[0m
  [4;35;1mSQL (0.009110)[0m   [0m SELECT a.attname, format_type(a.atttypid, a.atttypmod), d.adsrc, a.attnotnull
 FROM pg_attribute a LEFT JOIN pg_attrdef d
 ON a.attrelid = d.adrelid AND a.attnum = d.adnum
 WHERE a.attrelid = 'citations'::regclass
 AND a.attnum > 0 AND NOT a.attisdropped
 ORDER BY a.attnum
[0m
  [4;36;1mSQL (0.000540)[0m   [0;1mBEGIN[0m
  [4;35;1mSQL (0.000292)[0m   [0mROLLBACK[0m
  [4;36;1mSQL (0.001646)[0m   [0;1mBEGIN[0m
  [4;35;1mSQL (0.000278)[0m   [0mROLLBACK[0m
  [4;36;1mSQL (0.000365)[0m   [0;1mSET client_encoding TO 'unicode'[0m
  [4;35;1mSQL (0.003808)[0m   [0m SELECT a.attname, format_type(a.atttypid, a.atttypmod), d.adsrc, a.attnotnull
 FROM pg_attribute a LEFT JOIN pg_attrdef d
 ON a.attrelid = d.adrelid AND a.attnum = d.adnum
 WHERE a.attrelid = 'citations'::regclass
 AND a.attnum > 0 AND NOT a.attisdropped
 ORDER BY a.attnum
[0m
  [4;36;1mSQL (0.000486)[0m   [0;1mSET client_encoding TO 'unicode'[0m
  [4;35;1mSQL (0.003772)[0m   [0m SELECT a.attname, format_type(a.atttypid, a.atttypmod), d.adsrc, a.attnotnull
 FROM pg_attribute a LEFT JOIN pg_attrdef d
 ON a.attrelid = d.adrelid AND a.attnum = d.adnum
 WHERE a.attrelid = 'citations'::regclass
 AND a.attnum > 0 AND NOT a.attisdropped
 ORDER BY a.attnum
[0m
  [4;36;1mSQL (0.000365)[0m   [0;1mSET client_encoding TO 'unicode'[0m
  [4;35;1mSQL (0.004015)[0m   [0m SELECT a.attname, format_type(a.atttypid, a.atttypmod), d.adsrc, a.attnotnull
 FROM pg_attribute a LEFT JOIN pg_attrdef d
 ON a.attrelid = d.adrelid AND a.attnum = d.adnum
 WHERE a.attrelid = 'citations'::regclass
 AND a.attnum > 0 AND NOT a.attisdropped
 ORDER BY a.attnum
[0m
  [4;36;1mSQL (0.000367)[0m   [0;1mSET client_encoding TO 'unicode'[0m
  [4;35;1mSQL (0.004331)[0m   [0m SELECT a.attname, format_type(a.atttypid, a.atttypmod), d.adsrc, a.attnotnull
 FROM pg_attribute a LEFT JOIN pg_attrdef d
 ON a.attrelid = d.adrelid AND a.attnum = d.adnum
 WHERE a.attrelid = 'citations'::regclass
 AND a.attnum > 0 AND NOT a.attisdropped
 ORDER BY a.attnum
[0m
  [4;36;1mSQL (0.000361)[0m   [0;1mSET client_encoding TO 'unicode'[0m
  [4;35;1mSQL (0.003748)[0m   [0m SELECT a.attname, format_type(a.atttypid, a.atttypmod), d.adsrc, a.attnotnull
 FROM pg_attribute a LEFT JOIN pg_attrdef d
 ON a.attrelid = d.adrelid AND a.attnum = d.adnum
 WHERE a.attrelid = 'citations'::regclass
 AND a.attnum > 0 AND NOT a.attisdropped
 ORDER BY a.attnum
[0m
  [4;36;1mSQL (0.000356)[0m   [0;1mSET client_encoding TO 'unicode'[0m
  [4;35;1mSQL (0.003749)[0m   [0m SELECT a.attname, format_type(a.atttypid, a.atttypmod), d.adsrc, a.attnotnull
 FROM pg_attribute a LEFT JOIN pg_attrdef d
 ON a.attrelid = d.adrelid AND a.attnum = d.adnum
 WHERE a.attrelid = 'citations'::regclass
 AND a.attnum > 0 AND NOT a.attisdropped
 ORDER BY a.attnum
[0m
  [4;36;1mSQL (0.000182)[0m   [0;1mBEGIN[0m
  [4;35;1mPK and serial sequence (0.349403)[0m   [0m SELECT attr.attname, name.nspname, seq.relname
 FROM pg_class seq,
 pg_attribute attr,
 pg_depend dep,
 pg_namespace name,
 pg_constraint cons
 WHERE seq.oid = dep.objid
 AND seq.relnamespace = name.oid
 AND seq.relkind = 'S'
 AND attr.attrelid = dep.refobjid
 AND attr.attnum = dep.refobjsubid
 AND attr.attrelid = cons.conrelid
 AND attr.attnum = cons.conkey[1]
 AND cons.contype = 'p'
 AND dep.refobjid = 'citations'::regclass
[0m
  [4;36;1mCitation Create (0.053471)[0m   [0;1mINSERT INTO citations ("tech", "journal", "raw_string", "institution", "marker_type", "number", "title", "marker", "editor", "publisher", "note", "year", "authors", "booktitle", "contexts", "pages", "volume", "location") VALUES(NULL, NULL, NULL, NULL, NULL, NULL, 'Formalising Dijkstra''s development strategy within Stark''s formalism', NULL, 'In C. B. Jones, R. C. Shaw, and T. Denvir, editors', NULL, NULL, 1992, '--- 
- A Cau
- R Kuiper
- W-P de_Roever
', 'Proc. 5th. BCS-FACS Refinement Workshop', '--- []', NULL, NULL, NULL)[0m
  [4;35;1mSQL (0.028563)[0m   [0mSELECT currval('public.citations_id_seq')[0m
  [4;36;1mSQL (0.032056)[0m   [0;1mCOMMIT[0m
  [4;35;1mSQL (0.000727)[0m   [0mBEGIN[0m
  [4;36;1mCitation Update (0.001450)[0m   [0;1mUPDATE citations SET "editor" = 'In C. B. Jones, R. C. Shaw, and T. Denvir, editors', "institution" = NULL, "raw_string" = NULL, "location" = NULL, "pages" = NULL, "title" = 'Formalising Dijkstra''s development strategy within Stark''s formalism', "number" = NULL, "volume" = NULL, "marker" = NULL, "journal" = NULL, "year" = 1992, "note" = NULL, "publisher" = NULL, "marker_type" = NULL, "contexts" = '--- []', "booktitle" = 'Proc. 5th. BCS-FACS Refinement Workshop', "authors" = '--- 
- A Cau
- R Kuiper
- W-P de_Roever
', "tech" = NULL WHERE id = 2[0m
  [4;35;1mSQL (0.015260)[0m   [0mCOMMIT[0m
  [4;36;1mCitation Load (0.001352)[0m   [0;1mSELECT * FROM citations [0m
  [4;36;1mSQL (0.038202)[0m   [0;1mSET client_encoding TO 'unicode'[0m
  [4;35;1mSQL (0.806838)[0m   [0m SELECT a.attname, format_type(a.atttypid, a.atttypmod), d.adsrc, a.attnotnull
 FROM pg_attribute a LEFT JOIN pg_attrdef d
 ON a.attrelid = d.adrelid AND a.attnum = d.adnum
 WHERE a.attrelid = 'citations'::regclass
 AND a.attnum > 0 AND NOT a.attisdropped
 ORDER BY a.attnum
[0m
  [4;36;1mSQL (0.000737)[0m   [0;1mBEGIN[0m
  [4;35;1mPK and serial sequence (0.069035)[0m   [0m SELECT attr.attname, name.nspname, seq.relname
 FROM pg_class seq,
 pg_attribute attr,
 pg_depend dep,
 pg_namespace name,
 pg_constraint cons
 WHERE seq.oid = dep.objid
 AND seq.relnamespace = name.oid
 AND seq.relkind = 'S'
 AND attr.attrelid = dep.refobjid
 AND attr.attnum = dep.refobjsubid
 AND attr.attrelid = cons.conrelid
 AND attr.attnum = cons.conkey[1]
 AND cons.contype = 'p'
 AND dep.refobjid = 'citations'::regclass
[0m
  [4;36;1mCitation Create (0.053562)[0m   [0;1mINSERT INTO citations ("tech", "journal", "raw_string", "institution", "marker_type", "number", "title", "marker", "editor", "publisher", "note", "year", "authors", "booktitle", "contexts", "pages", "volume", "location") VALUES(NULL, NULL, NULL, NULL, NULL, NULL, 'Detecting content-bearing words by serial clustering', NULL, NULL, NULL, NULL, 1995, '--- 
- A Bookstein
- S T Klein
', 'Proceedings of the Nineteenth Annual International ACM SIGIR Conference on Research and Development in Information Retrieval', '--- []

', '319327', NULL, NULL)[0m
  [4;35;1mSQL (0.038914)[0m   [0mSELECT currval('public.citations_id_seq')[0m
  [4;36;1mSQL (0.018785)[0m   [0;1mCOMMIT[0m


Processing Base#index (for 127.0.0.1 at 2008-05-12 09:29:17) [GET]
  Session ID: a74fe3b37f746c672471627e7c495bb4
  Parameters: {}


SyntaxError (./script/../config/../app/controllers/citations_controller.rb:38: parse error, unexpected kELSE
      else :render => "Error creating citation",
          ^
./script/../config/../app/controllers/citations_controller.rb:38: parse error, unexpected ',', expecting kEND):
    /usr/local/lib/ruby/gems/1.8/gems/activesupport-1.3.1/lib/active_support/dependencies.rb:140:in `load'
    /usr/local/lib/ruby/gems/1.8/gems/activesupport-1.3.1/lib/active_support/dependencies.rb:140:in `load'
    /usr/local/lib/ruby/gems/1.8/gems/activesupport-1.3.1/lib/active_support/dependencies.rb:56:in `require_or_load'
    /usr/local/lib/ruby/gems/1.8/gems/activesupport-1.3.1/lib/active_support/dependencies.rb:30:in `depend_on'
    /usr/local/lib/ruby/gems/1.8/gems/activesupport-1.3.1/lib/active_support/dependencies.rb:85:in `require_dependency'
    /usr/local/lib/ruby/gems/1.8/gems/actionpack-1.12.5/lib/action_controller/routing.rb:285:in `attempt_load'
    /usr/local/lib/ruby/gems/1.8/gems/actionpack-1.12.5/lib/action_controller/routing.rb:281:in `each'
    /usr/local/lib/ruby/gems/1.8/gems/actionpack-1.12.5/lib/action_controller/routing.rb:281:in `attempt_load'
    /usr/local/lib/ruby/gems/1.8/gems/actionpack-1.12.5/lib/action_controller/routing.rb:237:in `traverse_to_controller'
    generated/routing/recognition.rb:3:in `recognize_path'
    /usr/local/lib/ruby/gems/1.8/gems/actionpack-1.12.5/lib/action_controller/routing.rb:511:in `recognize!'
    /usr/local/lib/ruby/gems/1.8/gems/rails-1.1.6/lib/dispatcher.rb:38:in `dispatch'
    /usr/local/lib/ruby/gems/1.8/gems/rails-1.1.6/lib/webrick_server.rb:115:in `handle_dispatch'
    /usr/local/lib/ruby/gems/1.8/gems/rails-1.1.6/lib/webrick_server.rb:81:in `service'
    /usr/local/lib/ruby/1.8/webrick/httpserver.rb:104:in `service'
    /usr/local/lib/ruby/1.8/webrick/httpserver.rb:65:in `run'
    /usr/local/lib/ruby/1.8/webrick/server.rb:173:in `start_thread'
    /usr/local/lib/ruby/1.8/webrick/server.rb:162:in `start'
    /usr/local/lib/ruby/1.8/webrick/server.rb:162:in `start_thread'
    /usr/local/lib/ruby/1.8/webrick/server.rb:95:in `start'
    /usr/local/lib/ruby/1.8/webrick/server.rb:92:in `each'
    /usr/local/lib/ruby/1.8/webrick/server.rb:92:in `start'
    /usr/local/lib/ruby/1.8/webrick/server.rb:23:in `start'
    /usr/local/lib/ruby/1.8/webrick/server.rb:82:in `start'
    /usr/local/lib/ruby/gems/1.8/gems/rails-1.1.6/lib/webrick_server.rb:67:in `dispatch'
    /usr/local/lib/ruby/gems/1.8/gems/rails-1.1.6/lib/commands/servers/webrick.rb:59
    /usr/local/lib/ruby/site_ruby/1.8/rubygems/custom_require.rb:27:in `gem_original_require'
    /usr/local/lib/ruby/site_ruby/1.8/rubygems/custom_require.rb:27:in `require'
    /usr/local/lib/ruby/gems/1.8/gems/activesupport-1.3.1/lib/active_support/dependencies.rb:147:in `require'
    /usr/local/lib/ruby/gems/1.8/gems/rails-1.1.6/lib/commands/server.rb:30
    /usr/local/lib/ruby/site_ruby/1.8/rubygems/custom_require.rb:27:in `gem_original_require'
    /usr/local/lib/ruby/site_ruby/1.8/rubygems/custom_require.rb:27:in `require'
    /usr/local/lib/ruby/gems/1.8/gems/activesupport-1.3.1/lib/active_support/dependencies.rb:147:in `require'
    ./script/server:3


Rendering /usr/local/lib/ruby/gems/1.8/gems/actionpack-1.12.5/lib/action_controller/templates/rescues/layout.rhtml (500 Internal Error)
  [4;35;1mCitation Load (0.079745)[0m   [0mSELECT * FROM citations [0m
  [4;36;1mSQL (0.000617)[0m   [0;1mBEGIN[0m
  [4;35;1mCitation Destroy (0.081657)[0m   [0m DELETE FROM citations
 WHERE id = 1
[0m
  [4;36;1mSQL (0.013440)[0m   [0;1mCOMMIT[0m
  [4;35;1mSQL (0.000254)[0m   [0mBEGIN[0m
  [4;36;1mCitation Destroy (0.000629)[0m   [0;1m DELETE FROM citations
 WHERE id = 2
[0m
  [4;35;1mSQL (0.000912)[0m   [0mCOMMIT[0m
  [4;36;1mSQL (0.000225)[0m   [0;1mBEGIN[0m
  [4;35;1mCitation Destroy (0.000625)[0m   [0m DELETE FROM citations
 WHERE id = 3
[0m
  [4;36;1mSQL (0.000915)[0m   [0;1mCOMMIT[0m
  [4;35;1mCitation Load (0.001031)[0m   [0mSELECT * FROM citations [0m
CitationsController: missing default helper path citations_helper


Processing CitationsController#create (for 127.0.0.1 at 2008-05-12 09:31:20) [GET]
  Session ID: c3f742b437bcf4f1c2065a329ccd3c32
  Parameters: {"action"=>"create", "controller"=>"citations"}
Redirected to http://localhost:3000/citations/list
Filter chain halted as [#<Proc:0x4048aa68@/usr/local/lib/ruby/gems/1.8/gems/actionpack-1.12.5/lib/action_controller/verification.rb:64>] returned false
Completed in 0.00086 (1168 reqs/sec) | 302 Found [http://localhost/citations/create]
  [4;36;1mCitation Load (0.001079)[0m   [0;1mSELECT * FROM citations [0m
CitationsController: missing default helper path citations_helper


Processing CitationsController#create (for 127.0.0.1 at 2008-05-12 09:32:44) [POST]
  Session ID: 0de6fb53e5e22d11fe04aedad91b7915
  Parameters: {"action"=>"create", "ci"=>"", "controller"=>"citations"}
Completed in 0.00190 (527 reqs/sec) | Rendering: 0.00010 (5%) | bad_request [http://localhost/citations/create]
CitationsController: missing default helper path citations_helper


Processing CitationsController#create (for 127.0.0.1 at 2008-05-12 09:33:01) [POST]
  Session ID: 56cd6fa45e82fdc00928ddaeb176652c
  Parameters: {"action"=>"create", "ci"=>"", "controller"=>"citations"}
Completed in 0.00192 (522 reqs/sec) | Rendering: 0.00010 (5%) | bad_request [http://localhost/citations/create]
CitationsController: missing default helper path citations_helper


Processing CitationsController#create (for 127.0.0.1 at 2008-05-12 09:35:11) [POST]
  Session ID: 80f474e4d69a99a03eeb1acd5e82d0bb
  Parameters: {"citation"=>"A. Bookstein and S. T. Klein,   Detecting content-bearing words by serial clustering,   Proceedings of the Nineteenth Annual International ACM SIGIR Conference on Research and Development in Information Retrieval,   pp. 319327,   1995.", "action"=>"create", "controller"=>"citations"}
  [4;36;1mSQL (0.000425)[0m   [0;1mSET client_encoding TO 'unicode'[0m
  [4;35;1mSQL (0.004391)[0m   [0m SELECT a.attname, format_type(a.atttypid, a.atttypmod), d.adsrc, a.attnotnull
 FROM pg_attribute a LEFT JOIN pg_attrdef d
 ON a.attrelid = d.adrelid AND a.attnum = d.adnum
 WHERE a.attrelid = 'citations'::regclass
 AND a.attnum > 0 AND NOT a.attisdropped
 ORDER BY a.attnum
[0m
  [4;36;1mSQL (0.000174)[0m   [0;1mBEGIN[0m
  [4;35;1mPK and serial sequence (0.003244)[0m   [0m SELECT attr.attname, name.nspname, seq.relname
 FROM pg_class seq,
 pg_attribute attr,
 pg_depend dep,
 pg_namespace name,
 pg_constraint cons
 WHERE seq.oid = dep.objid
 AND seq.relnamespace = name.oid
 AND seq.relkind = 'S'
 AND attr.attrelid = dep.refobjid
 AND attr.attnum = dep.refobjsubid
 AND attr.attrelid = cons.conrelid
 AND attr.attnum = cons.conkey[1]
 AND cons.contype = 'p'
 AND dep.refobjid = 'citations'::regclass
[0m
  [4;36;1mCitation Create (0.000734)[0m   [0;1mINSERT INTO citations ("tech", "journal", "raw_string", "institution", "marker_type", "number", "title", "marker", "editor", "publisher", "note", "year", "authors", "booktitle", "contexts", "pages", "volume", "location") VALUES(NULL, NULL, NULL, NULL, NULL, NULL, 'Detecting content-bearing words by serial clustering', NULL, NULL, NULL, NULL, 1995, '--- 
- A Bookstein
- S T Klein
', 'Proceedings of the Nineteenth Annual International ACM SIGIR Conference on Research and Development in Information Retrieval', '--- []

', '319327', NULL, NULL)[0m
  [4;35;1mSQL (0.000433)[0m   [0mSELECT currval('public.citations_id_seq')[0m
  [4;36;1mSQL (0.018813)[0m   [0;1mCOMMIT[0m
  [4;35;1mSQL (0.000147)[0m   [0mBEGIN[0m
  [4;36;1mCitation Update (0.000827)[0m   [0;1mUPDATE citations SET "editor" = NULL, "institution" = NULL, "raw_string" = NULL, "location" = NULL, "pages" = '319327', "title" = 'Detecting content-bearing words by serial clustering', "number" = NULL, "volume" = NULL, "marker" = NULL, "journal" = NULL, "year" = 1995, "note" = NULL, "publisher" = NULL, "marker_type" = NULL, "contexts" = '--- []

', "booktitle" = 'Proceedings of the Nineteenth Annual International ACM SIGIR Conference on Research and Development in Information Retrieval', "authors" = '--- 
- A Bookstein
- S T Klein
', "tech" = NULL WHERE id = 4[0m
  [4;35;1mSQL (0.001162)[0m   [0mCOMMIT[0m


RuntimeError (Not all elements respond to to_xml):
    /usr/local/lib/ruby/gems/1.8/gems/activesupport-1.3.1/lib/active_support/core_ext/array/conversions.rb:30:in `to_xml'
    /usr/local/lib/ruby/gems/1.8/gems/activesupport-1.3.1/lib/active_support/core_ext/hash/conversions.rb:29:in `to_xml'
    /usr/local/lib/ruby/gems/1.8/gems/activesupport-1.3.1/lib/active_support/core_ext/hash/conversions.rb:24:in `each'
    /usr/local/lib/ruby/gems/1.8/gems/activesupport-1.3.1/lib/active_support/core_ext/hash/conversions.rb:24:in `to_xml'
    /usr/local/lib/ruby/gems/1.8/gems/activesupport-1.3.1/lib/active_support/vendor/builder/xmlbase.rb:138:in `call'
    /usr/local/lib/ruby/gems/1.8/gems/activesupport-1.3.1/lib/active_support/vendor/builder/xmlbase.rb:138:in `_nested_structures'
    /usr/local/lib/ruby/gems/1.8/gems/activesupport-1.3.1/lib/active_support/vendor/builder/xmlbase.rb:60:in `method_missing'
    /usr/local/lib/ruby/gems/1.8/gems/activesupport-1.3.1/lib/active_support/core_ext/hash/conversions.rb:23:in `__send__'
    /usr/local/lib/ruby/gems/1.8/gems/activesupport-1.3.1/lib/active_support/core_ext/hash/conversions.rb:23:in `to_xml'
    /usr/local/lib/ruby/gems/1.8/gems/activerecord-1.14.4/lib/active_record/base.rb:1713:in `to_xml'
    .//app/controllers/citations_controller.rb:35:in `create'
    /usr/local/lib/ruby/gems/1.8/gems/actionpack-1.12.5/lib/action_controller/mime_responds.rb:155:in `call'
    /usr/local/lib/ruby/gems/1.8/gems/actionpack-1.12.5/lib/action_controller/mime_responds.rb:155:in `respond'
    /usr/local/lib/ruby/gems/1.8/gems/actionpack-1.12.5/lib/action_controller/mime_responds.rb:149:in `each'
    /usr/local/lib/ruby/gems/1.8/gems/actionpack-1.12.5/lib/action_controller/mime_responds.rb:149:in `respond'
    /usr/local/lib/ruby/gems/1.8/gems/actionpack-1.12.5/lib/action_controller/mime_responds.rb:106:in `respond_to'
    .//app/controllers/citations_controller.rb:32:in `create'
    /usr/local/lib/ruby/gems/1.8/gems/actionpack-1.12.5/lib/action_controller/base.rb:941:in `send'
    /usr/local/lib/ruby/gems/1.8/gems/actionpack-1.12.5/lib/action_controller/base.rb:941:in `perform_action_without_filters'
    /usr/local/lib/ruby/gems/1.8/gems/actionpack-1.12.5/lib/action_controller/filters.rb:368:in `perform_action_without_benchmark'
    /usr/local/lib/ruby/gems/1.8/gems/actionpack-1.12.5/lib/action_controller/benchmarking.rb:69:in `perform_action_without_rescue'
    /usr/local/lib/ruby/1.8/benchmark.rb:293:in `measure'
    /usr/local/lib/ruby/gems/1.8/gems/actionpack-1.12.5/lib/action_controller/benchmarking.rb:69:in `perform_action_without_rescue'
    /usr/local/lib/ruby/gems/1.8/gems/actionpack-1.12.5/lib/action_controller/rescue.rb:82:in `perform_action'
    /usr/local/lib/ruby/gems/1.8/gems/actionpack-1.12.5/lib/action_controller/base.rb:408:in `send'
    /usr/local/lib/ruby/gems/1.8/gems/actionpack-1.12.5/lib/action_controller/base.rb:408:in `process_without_filters'
    /usr/local/lib/ruby/gems/1.8/gems/actionpack-1.12.5/lib/action_controller/filters.rb:377:in `process_without_session_management_support'
    /usr/local/lib/ruby/gems/1.8/gems/actionpack-1.12.5/lib/action_controller/session_management.rb:117:in `process'
    /usr/local/lib/ruby/gems/1.8/gems/rails-1.1.6/lib/dispatcher.rb:38:in `dispatch'
    /usr/local/lib/ruby/gems/1.8/gems/rails-1.1.6/lib/webrick_server.rb:115:in `handle_dispatch'
    /usr/local/lib/ruby/gems/1.8/gems/rails-1.1.6/lib/webrick_server.rb:81:in `service'
    /usr/local/lib/ruby/1.8/webrick/httpserver.rb:104:in `service'
    /usr/local/lib/ruby/1.8/webrick/httpserver.rb:65:in `run'
    /usr/local/lib/ruby/1.8/webrick/server.rb:173:in `start_thread'
    /usr/local/lib/ruby/1.8/webrick/server.rb:162:in `start'
    /usr/local/lib/ruby/1.8/webrick/server.rb:162:in `start_thread'
    /usr/local/lib/ruby/1.8/webrick/server.rb:95:in `start'
    /usr/local/lib/ruby/1.8/webrick/server.rb:92:in `each'
    /usr/local/lib/ruby/1.8/webrick/server.rb:92:in `start'
    /usr/local/lib/ruby/1.8/webrick/server.rb:23:in `start'
    /usr/local/lib/ruby/1.8/webrick/server.rb:82:in `start'
    /usr/local/lib/ruby/gems/1.8/gems/rails-1.1.6/lib/webrick_server.rb:67:in `dispatch'
    /usr/local/lib/ruby/gems/1.8/gems/rails-1.1.6/lib/commands/servers/webrick.rb:59
    /usr/local/lib/ruby/site_ruby/1.8/rubygems/custom_require.rb:27:in `gem_original_require'
    /usr/local/lib/ruby/site_ruby/1.8/rubygems/custom_require.rb:27:in `require'
    /usr/local/lib/ruby/gems/1.8/gems/activesupport-1.3.1/lib/active_support/dependencies.rb:147:in `require'
    /usr/local/lib/ruby/gems/1.8/gems/rails-1.1.6/lib/commands/server.rb:30
    /usr/local/lib/ruby/site_ruby/1.8/rubygems/custom_require.rb:27:in `gem_original_require'
    /usr/local/lib/ruby/site_ruby/1.8/rubygems/custom_require.rb:27:in `require'
    /usr/local/lib/ruby/gems/1.8/gems/activesupport-1.3.1/lib/active_support/dependencies.rb:147:in `require'
    ./script/server:3


Rendering /usr/local/lib/ruby/gems/1.8/gems/actionpack-1.12.5/lib/action_controller/templates/rescues/layout.rhtml (500 Internal Error)
  [4;35;1mCitation Load (0.001140)[0m   [0mSELECT * FROM citations [0m
  [4;36;1mSQL (0.000658)[0m   [0;1mBEGIN[0m
  [4;35;1mCitation Destroy (0.000712)[0m   [0m DELETE FROM citations
 WHERE id = 4
[0m
  [4;36;1mSQL (0.034202)[0m   [0;1mCOMMIT[0m
CitationsController: missing default helper path citations_helper


Processing CitationsController#create (for 127.0.0.1 at 2008-05-12 09:38:32) [POST]
  Session ID: 376a40cf844f3b776b7c620059a93cb1
  Parameters: {"citation"=>"A. Bookstein and S. T. Klein,   Detecting content-bearing words by serial clustering,   Proceedings of the Nineteenth Annual International ACM SIGIR Conference on Research and Development in Information Retrieval,   pp. 319327,   1995.", "action"=>"create", "controller"=>"citations"}
  [4;36;1mSQL (0.000606)[0m   [0;1mSET client_encoding TO 'unicode'[0m
  [4;35;1mSQL (0.003830)[0m   [0m SELECT a.attname, format_type(a.atttypid, a.atttypmod), d.adsrc, a.attnotnull
 FROM pg_attribute a LEFT JOIN pg_attrdef d
 ON a.attrelid = d.adrelid AND a.attnum = d.adnum
 WHERE a.attrelid = 'citations'::regclass
 AND a.attnum > 0 AND NOT a.attisdropped
 ORDER BY a.attnum
[0m
  [4;36;1mSQL (0.000185)[0m   [0;1mBEGIN[0m
  [4;35;1mPK and serial sequence (0.003250)[0m   [0m SELECT attr.attname, name.nspname, seq.relname
 FROM pg_class seq,
 pg_attribute attr,
 pg_depend dep,
 pg_namespace name,
 pg_constraint cons
 WHERE seq.oid = dep.objid
 AND seq.relnamespace = name.oid
 AND seq.relkind = 'S'
 AND attr.attrelid = dep.refobjid
 AND attr.attnum = dep.refobjsubid
 AND attr.attrelid = cons.conrelid
 AND attr.attnum = cons.conkey[1]
 AND cons.contype = 'p'
 AND dep.refobjid = 'citations'::regclass
[0m
  [4;36;1mCitation Create (0.000677)[0m   [0;1mINSERT INTO citations ("tech", "journal", "raw_string", "institution", "marker_type", "number", "title", "marker", "editor", "publisher", "note", "year", "authors", "booktitle", "contexts", "pages", "volume", "location") VALUES(NULL, NULL, NULL, NULL, NULL, NULL, 'Detecting content-bearing words by serial clustering', NULL, NULL, NULL, NULL, 1995, '--- 
- A Bookstein
- S T Klein
', 'Proceedings of the Nineteenth Annual International ACM SIGIR Conference on Research and Development in Information Retrieval', '--- []

', '319327', NULL, NULL)[0m
  [4;35;1mSQL (0.000420)[0m   [0mSELECT currval('public.citations_id_seq')[0m
  [4;36;1mSQL (0.018903)[0m   [0;1mCOMMIT[0m
  [4;35;1mSQL (0.000236)[0m   [0mBEGIN[0m
  [4;36;1mCitation Update (0.000822)[0m   [0;1mUPDATE citations SET "editor" = NULL, "institution" = NULL, "raw_string" = NULL, "location" = NULL, "pages" = '319327', "title" = 'Detecting content-bearing words by serial clustering', "number" = NULL, "volume" = NULL, "marker" = NULL, "journal" = NULL, "year" = 1995, "note" = NULL, "publisher" = NULL, "marker_type" = NULL, "contexts" = '--- []

', "booktitle" = 'Proceedings of the Nineteenth Annual International ACM SIGIR Conference on Research and Development in Information Retrieval', "authors" = '--- 
- A Bookstein
- S T Klein
', "tech" = NULL WHERE id = 5[0m
  [4;35;1mSQL (0.000704)[0m   [0mCOMMIT[0m


NoMethodError (undefined method `json' for #<ActionController::MimeResponds::Responder:0x4122ba28>):
    .//app/controllers/citations_controller.rb:34:in `create'
    /usr/local/lib/ruby/gems/1.8/gems/actionpack-1.12.5/lib/action_controller/mime_responds.rb:105:in `call'
    /usr/local/lib/ruby/gems/1.8/gems/actionpack-1.12.5/lib/action_controller/mime_responds.rb:105:in `respond_to'
    .//app/controllers/citations_controller.rb:32:in `create'
    /usr/local/lib/ruby/gems/1.8/gems/actionpack-1.12.5/lib/action_controller/base.rb:941:in `send'
    /usr/local/lib/ruby/gems/1.8/gems/actionpack-1.12.5/lib/action_controller/base.rb:941:in `perform_action_without_filters'
    /usr/local/lib/ruby/gems/1.8/gems/actionpack-1.12.5/lib/action_controller/filters.rb:368:in `perform_action_without_benchmark'
    /usr/local/lib/ruby/gems/1.8/gems/actionpack-1.12.5/lib/action_controller/benchmarking.rb:69:in `perform_action_without_rescue'
    /usr/local/lib/ruby/1.8/benchmark.rb:293:in `measure'
    /usr/local/lib/ruby/gems/1.8/gems/actionpack-1.12.5/lib/action_controller/benchmarking.rb:69:in `perform_action_without_rescue'
    /usr/local/lib/ruby/gems/1.8/gems/actionpack-1.12.5/lib/action_controller/rescue.rb:82:in `perform_action'
    /usr/local/lib/ruby/gems/1.8/gems/actionpack-1.12.5/lib/action_controller/base.rb:408:in `send'
    /usr/local/lib/ruby/gems/1.8/gems/actionpack-1.12.5/lib/action_controller/base.rb:408:in `process_without_filters'
    /usr/local/lib/ruby/gems/1.8/gems/actionpack-1.12.5/lib/action_controller/filters.rb:377:in `process_without_session_management_support'
    /usr/local/lib/ruby/gems/1.8/gems/actionpack-1.12.5/lib/action_controller/session_management.rb:117:in `process'
    /usr/local/lib/ruby/gems/1.8/gems/rails-1.1.6/lib/dispatcher.rb:38:in `dispatch'
    /usr/local/lib/ruby/gems/1.8/gems/rails-1.1.6/lib/webrick_server.rb:115:in `handle_dispatch'
    /usr/local/lib/ruby/gems/1.8/gems/rails-1.1.6/lib/webrick_server.rb:81:in `service'
    /usr/local/lib/ruby/1.8/webrick/httpserver.rb:104:in `service'
    /usr/local/lib/ruby/1.8/webrick/httpserver.rb:65:in `run'
    /usr/local/lib/ruby/1.8/webrick/server.rb:173:in `start_thread'
    /usr/local/lib/ruby/1.8/webrick/server.rb:162:in `start'
    /usr/local/lib/ruby/1.8/webrick/server.rb:162:in `start_thread'
    /usr/local/lib/ruby/1.8/webrick/server.rb:95:in `start'
    /usr/local/lib/ruby/1.8/webrick/server.rb:92:in `each'
    /usr/local/lib/ruby/1.8/webrick/server.rb:92:in `start'
    /usr/local/lib/ruby/1.8/webrick/server.rb:23:in `start'
    /usr/local/lib/ruby/1.8/webrick/server.rb:82:in `start'
    /usr/local/lib/ruby/gems/1.8/gems/rails-1.1.6/lib/webrick_server.rb:67:in `dispatch'
    /usr/local/lib/ruby/gems/1.8/gems/rails-1.1.6/lib/commands/servers/webrick.rb:59
    /usr/local/lib/ruby/site_ruby/1.8/rubygems/custom_require.rb:27:in `gem_original_require'
    /usr/local/lib/ruby/site_ruby/1.8/rubygems/custom_require.rb:27:in `require'
    /usr/local/lib/ruby/gems/1.8/gems/activesupport-1.3.1/lib/active_support/dependencies.rb:147:in `require'
    /usr/local/lib/ruby/gems/1.8/gems/rails-1.1.6/lib/commands/server.rb:30
    /usr/local/lib/ruby/site_ruby/1.8/rubygems/custom_require.rb:27:in `gem_original_require'
    /usr/local/lib/ruby/site_ruby/1.8/rubygems/custom_require.rb:27:in `require'
    /usr/local/lib/ruby/gems/1.8/gems/activesupport-1.3.1/lib/active_support/dependencies.rb:147:in `require'
    ./script/server:3


Rendering /usr/local/lib/ruby/gems/1.8/gems/actionpack-1.12.5/lib/action_controller/templates/rescues/layout.rhtml (500 Internal Error)
CitationsController: missing default helper path citations_helper


Processing CitationsController#create (for 127.0.0.1 at 2008-05-12 09:39:27) [POST]
  Session ID: b03c3eb29d57fa75b373d63ae99b3af1
  Parameters: {"citation"=>"A. Bookstein and S. T. Klein,   Detecting content-bearing words by serial clustering,   Proceedings of the Nineteenth Annual International ACM SIGIR Conference on Research and Development in Information Retrieval,   pp. 319327,   1995.", "action"=>"create", "controller"=>"citations"}
  [4;36;1mSQL (0.000412)[0m   [0;1mSET client_encoding TO 'unicode'[0m
  [4;35;1mSQL (0.003734)[0m   [0m SELECT a.attname, format_type(a.atttypid, a.atttypmod), d.adsrc, a.attnotnull
 FROM pg_attribute a LEFT JOIN pg_attrdef d
 ON a.attrelid = d.adrelid AND a.attnum = d.adnum
 WHERE a.attrelid = 'citations'::regclass
 AND a.attnum > 0 AND NOT a.attisdropped
 ORDER BY a.attnum
[0m
  [4;36;1mSQL (0.000186)[0m   [0;1mBEGIN[0m
  [4;35;1mPK and serial sequence (0.003080)[0m   [0m SELECT attr.attname, name.nspname, seq.relname
 FROM pg_class seq,
 pg_attribute attr,
 pg_depend dep,
 pg_namespace name,
 pg_constraint cons
 WHERE seq.oid = dep.objid
 AND seq.relnamespace = name.oid
 AND seq.relkind = 'S'
 AND attr.attrelid = dep.refobjid
 AND attr.attnum = dep.refobjsubid
 AND attr.attrelid = cons.conrelid
 AND attr.attnum = cons.conkey[1]
 AND cons.contype = 'p'
 AND dep.refobjid = 'citations'::regclass
[0m
  [4;36;1mCitation Create (0.000676)[0m   [0;1mINSERT INTO citations ("tech", "journal", "raw_string", "institution", "marker_type", "number", "title", "marker", "editor", "publisher", "note", "year", "authors", "booktitle", "contexts", "pages", "volume", "location") VALUES(NULL, NULL, NULL, NULL, NULL, NULL, 'Detecting content-bearing words by serial clustering', NULL, NULL, NULL, NULL, 1995, '--- 
- A Bookstein
- S T Klein
', 'Proceedings of the Nineteenth Annual International ACM SIGIR Conference on Research and Development in Information Retrieval', '--- []

', '319327', NULL, NULL)[0m
  [4;35;1mSQL (0.000404)[0m   [0mSELECT currval('public.citations_id_seq')[0m
  [4;36;1mSQL (0.019033)[0m   [0;1mCOMMIT[0m
  [4;35;1mSQL (0.000156)[0m   [0mBEGIN[0m
  [4;36;1mCitation Update (0.000820)[0m   [0;1mUPDATE citations SET "editor" = NULL, "institution" = NULL, "raw_string" = NULL, "location" = NULL, "pages" = '319327', "title" = 'Detecting content-bearing words by serial clustering', "number" = NULL, "volume" = NULL, "marker" = NULL, "journal" = NULL, "year" = 1995, "note" = NULL, "publisher" = NULL, "marker_type" = NULL, "contexts" = '--- []

', "booktitle" = 'Proceedings of the Nineteenth Annual International ACM SIGIR Conference on Research and Development in Information Retrieval', "authors" = '--- 
- A Bookstein
- S T Klein
', "tech" = NULL WHERE id = 6[0m
  [4;35;1mSQL (0.000682)[0m   [0mCOMMIT[0m
Completed in 2.38531 (0 reqs/sec) | Rendering: 0.00006 (0%) | DB: 0.02918 (1%) | 406 Not Acceptable [http://localhost/citations/create]
CitationsController: missing default helper path citations_helper


Processing CitationsController#create (for 127.0.0.1 at 2008-05-12 09:40:37) [POST]
  Session ID: 0f9b700bae195ff920e0ff3e444e28a7
  Parameters: {"citation"=>"A. Bookstein and S. T. Klein,   Detecting content-bearing words by serial clustering,   Proceedings of the Nineteenth Annual International ACM SIGIR Conference on Research and Development in Information Retrieval,   pp. 319327,   1995.", "action"=>"create", "controller"=>"citations"}
  [4;36;1mSQL (0.000381)[0m   [0;1mSET client_encoding TO 'unicode'[0m
  [4;35;1mSQL (0.003765)[0m   [0m SELECT a.attname, format_type(a.atttypid, a.atttypmod), d.adsrc, a.attnotnull
 FROM pg_attribute a LEFT JOIN pg_attrdef d
 ON a.attrelid = d.adrelid AND a.attnum = d.adnum
 WHERE a.attrelid = 'citations'::regclass
 AND a.attnum > 0 AND NOT a.attisdropped
 ORDER BY a.attnum
[0m
  [4;36;1mSQL (0.000184)[0m   [0;1mBEGIN[0m
  [4;35;1mPK and serial sequence (0.003045)[0m   [0m SELECT attr.attname, name.nspname, seq.relname
 FROM pg_class seq,
 pg_attribute attr,
 pg_depend dep,
 pg_namespace name,
 pg_constraint cons
 WHERE seq.oid = dep.objid
 AND seq.relnamespace = name.oid
 AND seq.relkind = 'S'
 AND attr.attrelid = dep.refobjid
 AND attr.attnum = dep.refobjsubid
 AND attr.attrelid = cons.conrelid
 AND attr.attnum = cons.conkey[1]
 AND cons.contype = 'p'
 AND dep.refobjid = 'citations'::regclass
[0m
  [4;36;1mCitation Create (0.000677)[0m   [0;1mINSERT INTO citations ("tech", "journal", "raw_string", "institution", "marker_type", "number", "title", "marker", "editor", "publisher", "note", "year", "authors", "booktitle", "contexts", "pages", "volume", "location") VALUES(NULL, NULL, NULL, NULL, NULL, NULL, 'Detecting content-bearing words by serial clustering', NULL, NULL, NULL, NULL, 1995, '--- 
- A Bookstein
- S T Klein
', 'Proceedings of the Nineteenth Annual International ACM SIGIR Conference on Research and Development in Information Retrieval', '--- []

', '319327', NULL, NULL)[0m
  [4;35;1mSQL (0.000392)[0m   [0mSELECT currval('public.citations_id_seq')[0m
  [4;36;1mSQL (0.016744)[0m   [0;1mCOMMIT[0m
  [4;35;1mSQL (0.000154)[0m   [0mBEGIN[0m
  [4;36;1mCitation Update (0.000818)[0m   [0;1mUPDATE citations SET "editor" = NULL, "institution" = NULL, "raw_string" = NULL, "location" = NULL, "pages" = '319327', "title" = 'Detecting content-bearing words by serial clustering', "number" = NULL, "volume" = NULL, "marker" = NULL, "journal" = NULL, "year" = 1995, "note" = NULL, "publisher" = NULL, "marker_type" = NULL, "contexts" = '--- []

', "booktitle" = 'Proceedings of the Nineteenth Annual International ACM SIGIR Conference on Research and Development in Information Retrieval', "authors" = '--- 
- A Bookstein
- S T Klein
', "tech" = NULL WHERE id = 7[0m
  [4;35;1mSQL (0.045019)[0m   [0mCOMMIT[0m
Completed in 2.23913 (0 reqs/sec) | Rendering: 0.00006 (0%) | DB: 0.07118 (3%) | 200 OK [http://localhost/citations/create]
  [4;35;1mCitation Load (0.016040)[0m   [0mSELECT * FROM citations LIMIT 1[0m
  [4;36;1mCitation Load (0.002210)[0m   [0;1mSELECT * FROM citations LIMIT 1[0m
  [4;35;1mCitation Load (0.001140)[0m   [0mSELECT * FROM citations LIMIT 1[0m
  [4;36;1mCitation Load (0.001094)[0m   [0;1mSELECT * FROM citations LIMIT 1[0m
  [4;35;1mCitation Load (0.001212)[0m   [0mSELECT * FROM citations LIMIT 1[0m
  [4;36;1mCitation Load (0.001864)[0m   [0;1mSELECT * FROM citations LIMIT 1[0m
  [4;35;1mCitation Load (0.000964)[0m   [0mSELECT * FROM citations LIMIT 1[0m
CitationsController: missing default helper path citations_helper


Processing CitationsController#create (for 127.0.0.1 at 2008-05-12 09:58:41) [POST]
  Session ID: 6f9394a35c598b233340d376c9f23715
  Parameters: {"citation"=>"A. Bookstein and S. T. Klein,   Detecting content-bearing words by serial clustering,   Proceedings of the Nineteenth Annual International ACM SIGIR Conference on Research and Development in Information Retrieval,   pp. 319327,   1995.", "action"=>"create", "controller"=>"citations"}
  [4;36;1mSQL (0.003301)[0m   [0;1m SELECT a.attname, format_type(a.atttypid, a.atttypmod), d.adsrc, a.attnotnull
 FROM pg_attribute a LEFT JOIN pg_attrdef d
 ON a.attrelid = d.adrelid AND a.attnum = d.adnum
 WHERE a.attrelid = 'citations'::regclass
 AND a.attnum > 0 AND NOT a.attisdropped
 ORDER BY a.attnum
[0m
  [4;35;1mSQL (0.000300)[0m   [0mBEGIN[0m
  [4;36;1mPK and serial sequence (0.004003)[0m   [0;1m SELECT attr.attname, name.nspname, seq.relname
 FROM pg_class seq,
 pg_attribute attr,
 pg_depend dep,
 pg_namespace name,
 pg_constraint cons
 WHERE seq.oid = dep.objid
 AND seq.relnamespace = name.oid
 AND seq.relkind = 'S'
 AND attr.attrelid = dep.refobjid
 AND attr.attnum = dep.refobjsubid
 AND attr.attrelid = cons.conrelid
 AND attr.attnum = cons.conkey[1]
 AND cons.contype = 'p'
 AND dep.refobjid = 'citations'::regclass
[0m
  [4;35;1mCitation Create (0.000781)[0m   [0mINSERT INTO citations ("tech", "journal", "raw_string", "institution", "marker_type", "number", "title", "marker", "editor", "publisher", "note", "year", "authors", "booktitle", "contexts", "pages", "volume", "location") VALUES(NULL, NULL, NULL, NULL, NULL, NULL, 'Detecting content-bearing words by serial clustering', NULL, NULL, NULL, NULL, 1995, '--- 
- A Bookstein
- S T Klein
', 'Proceedings of the Nineteenth Annual International ACM SIGIR Conference on Research and Development in Information Retrieval', '--- []

', '319327', NULL, NULL)[0m
  [4;36;1mSQL (0.000453)[0m   [0;1mSELECT currval('public.citations_id_seq')[0m
  [4;35;1mSQL (0.011394)[0m   [0mCOMMIT[0m
  [4;36;1mSQL (0.000254)[0m   [0;1mBEGIN[0m
  [4;35;1mCitation Update (0.002406)[0m   [0mUPDATE citations SET "editor" = NULL, "institution" = NULL, "raw_string" = NULL, "location" = NULL, "pages" = '319327', "title" = 'Detecting content-bearing words by serial clustering', "number" = NULL, "volume" = NULL, "marker" = NULL, "journal" = NULL, "year" = 1995, "note" = NULL, "publisher" = NULL, "marker_type" = NULL, "contexts" = '--- []

', "booktitle" = 'Proceedings of the Nineteenth Annual International ACM SIGIR Conference on Research and Development in Information Retrieval', "authors" = '--- 
- A Bookstein
- S T Klein
', "tech" = NULL WHERE id = 8[0m
  [4;36;1mSQL (0.001305)[0m   [0;1mCOMMIT[0m


NoMethodError (undefined method `xml_escape' for "A Bookstein":String):
    /app/models/citation.rb:19:in `to_xml'
    /app/models/citation.rb:19:in `each'
    /app/models/citation.rb:19:in `to_xml'
    .//app/controllers/citations_controller.rb:35:in `create'
    /usr/local/lib/ruby/gems/1.8/gems/actionpack-1.12.5/lib/action_controller/mime_responds.rb:155:in `call'
    /usr/local/lib/ruby/gems/1.8/gems/actionpack-1.12.5/lib/action_controller/mime_responds.rb:155:in `respond'
    /usr/local/lib/ruby/gems/1.8/gems/actionpack-1.12.5/lib/action_controller/mime_responds.rb:149:in `each'
    /usr/local/lib/ruby/gems/1.8/gems/actionpack-1.12.5/lib/action_controller/mime_responds.rb:149:in `respond'
    /usr/local/lib/ruby/gems/1.8/gems/actionpack-1.12.5/lib/action_controller/mime_responds.rb:106:in `respond_to'
    .//app/controllers/citations_controller.rb:32:in `create'
    /usr/local/lib/ruby/gems/1.8/gems/actionpack-1.12.5/lib/action_controller/base.rb:941:in `send'
    /usr/local/lib/ruby/gems/1.8/gems/actionpack-1.12.5/lib/action_controller/base.rb:941:in `perform_action_without_filters'
    /usr/local/lib/ruby/gems/1.8/gems/actionpack-1.12.5/lib/action_controller/filters.rb:368:in `perform_action_without_benchmark'
    /usr/local/lib/ruby/gems/1.8/gems/actionpack-1.12.5/lib/action_controller/benchmarking.rb:69:in `perform_action_without_rescue'
    /usr/local/lib/ruby/1.8/benchmark.rb:293:in `measure'
    /usr/local/lib/ruby/gems/1.8/gems/actionpack-1.12.5/lib/action_controller/benchmarking.rb:69:in `perform_action_without_rescue'
    /usr/local/lib/ruby/gems/1.8/gems/actionpack-1.12.5/lib/action_controller/rescue.rb:82:in `perform_action'
    /usr/local/lib/ruby/gems/1.8/gems/actionpack-1.12.5/lib/action_controller/base.rb:408:in `send'
    /usr/local/lib/ruby/gems/1.8/gems/actionpack-1.12.5/lib/action_controller/base.rb:408:in `process_without_filters'
    /usr/local/lib/ruby/gems/1.8/gems/actionpack-1.12.5/lib/action_controller/filters.rb:377:in `process_without_session_management_support'
    /usr/local/lib/ruby/gems/1.8/gems/actionpack-1.12.5/lib/action_controller/session_management.rb:117:in `process'
    /usr/local/lib/ruby/gems/1.8/gems/rails-1.1.6/lib/dispatcher.rb:38:in `dispatch'
    /usr/local/lib/ruby/gems/1.8/gems/rails-1.1.6/lib/webrick_server.rb:115:in `handle_dispatch'
    /usr/local/lib/ruby/gems/1.8/gems/rails-1.1.6/lib/webrick_server.rb:81:in `service'
    /usr/local/lib/ruby/1.8/webrick/httpserver.rb:104:in `service'
    /usr/local/lib/ruby/1.8/webrick/httpserver.rb:65:in `run'
    /usr/local/lib/ruby/1.8/webrick/server.rb:173:in `start_thread'
    /usr/local/lib/ruby/1.8/webrick/server.rb:162:in `start'
    /usr/local/lib/ruby/1.8/webrick/server.rb:162:in `start_thread'
    /usr/local/lib/ruby/1.8/webrick/server.rb:95:in `start'
    /usr/local/lib/ruby/1.8/webrick/server.rb:92:in `each'
    /usr/local/lib/ruby/1.8/webrick/server.rb:92:in `start'
    /usr/local/lib/ruby/1.8/webrick/server.rb:23:in `start'
    /usr/local/lib/ruby/1.8/webrick/server.rb:82:in `start'
    /usr/local/lib/ruby/gems/1.8/gems/rails-1.1.6/lib/webrick_server.rb:67:in `dispatch'
    /usr/local/lib/ruby/gems/1.8/gems/rails-1.1.6/lib/commands/servers/webrick.rb:59
    /usr/local/lib/ruby/site_ruby/1.8/rubygems/custom_require.rb:27:in `gem_original_require'
    /usr/local/lib/ruby/site_ruby/1.8/rubygems/custom_require.rb:27:in `require'
    /usr/local/lib/ruby/gems/1.8/gems/activesupport-1.3.1/lib/active_support/dependencies.rb:147:in `require'
    /usr/local/lib/ruby/gems/1.8/gems/rails-1.1.6/lib/commands/server.rb:30
    /usr/local/lib/ruby/site_ruby/1.8/rubygems/custom_require.rb:27:in `gem_original_require'
    /usr/local/lib/ruby/site_ruby/1.8/rubygems/custom_require.rb:27:in `require'
    /usr/local/lib/ruby/gems/1.8/gems/activesupport-1.3.1/lib/active_support/dependencies.rb:147:in `require'
    ./script/server:3


Rendering /usr/local/lib/ruby/gems/1.8/gems/actionpack-1.12.5/lib/action_controller/templates/rescues/layout.rhtml (500 Internal Error)
CitationsController: missing default helper path citations_helper


Processing CitationsController#create (for 127.0.0.1 at 2008-05-12 10:00:06) [POST]
  Session ID: 55bf5e21d31a79a1a35780cb14a3fed7
  Parameters: {"citation"=>"A. Bookstein and S. T. Klein,   Detecting content-bearing words by serial clustering,   Proceedings of the Nineteenth Annual International ACM SIGIR Conference on Research and Development in Information Retrieval,   pp. 319327,   1995.", "action"=>"create", "controller"=>"citations"}
  [4;36;1mSQL (0.000397)[0m   [0;1mSET client_encoding TO 'unicode'[0m
  [4;35;1mSQL (0.004403)[0m   [0m SELECT a.attname, format_type(a.atttypid, a.atttypmod), d.adsrc, a.attnotnull
 FROM pg_attribute a LEFT JOIN pg_attrdef d
 ON a.attrelid = d.adrelid AND a.attnum = d.adnum
 WHERE a.attrelid = 'citations'::regclass
 AND a.attnum > 0 AND NOT a.attisdropped
 ORDER BY a.attnum
[0m
  [4;36;1mSQL (0.000177)[0m   [0;1mBEGIN[0m
  [4;35;1mPK and serial sequence (0.003118)[0m   [0m SELECT attr.attname, name.nspname, seq.relname
 FROM pg_class seq,
 pg_attribute attr,
 pg_depend dep,
 pg_namespace name,
 pg_constraint cons
 WHERE seq.oid = dep.objid
 AND seq.relnamespace = name.oid
 AND seq.relkind = 'S'
 AND attr.attrelid = dep.refobjid
 AND attr.attnum = dep.refobjsubid
 AND attr.attrelid = cons.conrelid
 AND attr.attnum = cons.conkey[1]
 AND cons.contype = 'p'
 AND dep.refobjid = 'citations'::regclass
[0m
  [4;36;1mCitation Create (0.000655)[0m   [0;1mINSERT INTO citations ("tech", "journal", "raw_string", "institution", "marker_type", "number", "title", "marker", "editor", "publisher", "note", "year", "authors", "booktitle", "contexts", "pages", "volume", "location") VALUES(NULL, NULL, NULL, NULL, NULL, NULL, 'Detecting content-bearing words by serial clustering', NULL, NULL, NULL, NULL, 1995, '--- 
- A Bookstein
- S T Klein
', 'Proceedings of the Nineteenth Annual International ACM SIGIR Conference on Research and Development in Information Retrieval', '--- []

', '319327', NULL, NULL)[0m
  [4;35;1mSQL (0.000418)[0m   [0mSELECT currval('public.citations_id_seq')[0m
  [4;36;1mSQL (0.018228)[0m   [0;1mCOMMIT[0m
  [4;35;1mSQL (0.000154)[0m   [0mBEGIN[0m
  [4;36;1mCitation Update (0.000814)[0m   [0;1mUPDATE citations SET "editor" = NULL, "institution" = NULL, "raw_string" = NULL, "location" = NULL, "pages" = '319327', "title" = 'Detecting content-bearing words by serial clustering', "number" = NULL, "volume" = NULL, "marker" = NULL, "journal" = NULL, "year" = 1995, "note" = NULL, "publisher" = NULL, "marker_type" = NULL, "contexts" = '--- []

', "booktitle" = 'Proceedings of the Nineteenth Annual International ACM SIGIR Conference on Research and Development in Information Retrieval', "authors" = '--- 
- A Bookstein
- S T Klein
', "tech" = NULL WHERE id = 9[0m
  [4;35;1mSQL (0.046375)[0m   [0mCOMMIT[0m
Completed in 2.77693 (0 reqs/sec) | Rendering: 0.00008 (0%) | DB: 0.07474 (2%) | 200 OK [http://localhost/citations/create]
CitationsController: missing default helper path citations_helper


Processing CitationsController#create (for 127.0.0.1 at 2008-05-12 10:00:20) [POST]
  Session ID: b915e0f10b647b58b7334a243e307314
  Parameters: {"citation"=>"A. Bookstein and S. T. Klein,   Detecting content-bearing words by serial clustering,   Proceedings of the Nineteenth Annual International ACM SIGIR Conference on Research and Development in Information Retrieval,   pp. 319327,   1995.", "action"=>"create", "controller"=>"citations"}
  [4;36;1mSQL (0.000380)[0m   [0;1mSET client_encoding TO 'unicode'[0m
  [4;35;1mSQL (0.003733)[0m   [0m SELECT a.attname, format_type(a.atttypid, a.atttypmod), d.adsrc, a.attnotnull
 FROM pg_attribute a LEFT JOIN pg_attrdef d
 ON a.attrelid = d.adrelid AND a.attnum = d.adnum
 WHERE a.attrelid = 'citations'::regclass
 AND a.attnum > 0 AND NOT a.attisdropped
 ORDER BY a.attnum
[0m
  [4;36;1mSQL (0.000182)[0m   [0;1mBEGIN[0m
  [4;35;1mPK and serial sequence (0.003068)[0m   [0m SELECT attr.attname, name.nspname, seq.relname
 FROM pg_class seq,
 pg_attribute attr,
 pg_depend dep,
 pg_namespace name,
 pg_constraint cons
 WHERE seq.oid = dep.objid
 AND seq.relnamespace = name.oid
 AND seq.relkind = 'S'
 AND attr.attrelid = dep.refobjid
 AND attr.attnum = dep.refobjsubid
 AND attr.attrelid = cons.conrelid
 AND attr.attnum = cons.conkey[1]
 AND cons.contype = 'p'
 AND dep.refobjid = 'citations'::regclass
[0m
  [4;36;1mCitation Create (0.000678)[0m   [0;1mINSERT INTO citations ("tech", "journal", "raw_string", "institution", "marker_type", "number", "title", "marker", "editor", "publisher", "note", "year", "authors", "booktitle", "contexts", "pages", "volume", "location") VALUES(NULL, NULL, NULL, NULL, NULL, NULL, 'Detecting content-bearing words by serial clustering', NULL, NULL, NULL, NULL, 1995, '--- 
- A Bookstein
- S T Klein
', 'Proceedings of the Nineteenth Annual International ACM SIGIR Conference on Research and Development in Information Retrieval', '--- []

', '319327', NULL, NULL)[0m
  [4;35;1mSQL (0.000400)[0m   [0mSELECT currval('public.citations_id_seq')[0m
  [4;36;1mSQL (0.021096)[0m   [0;1mCOMMIT[0m
  [4;35;1mSQL (0.000160)[0m   [0mBEGIN[0m
  [4;36;1mCitation Update (0.000830)[0m   [0;1mUPDATE citations SET "editor" = NULL, "institution" = NULL, "raw_string" = NULL, "location" = NULL, "pages" = '319327', "title" = 'Detecting content-bearing words by serial clustering', "number" = NULL, "volume" = NULL, "marker" = NULL, "journal" = NULL, "year" = 1995, "note" = NULL, "publisher" = NULL, "marker_type" = NULL, "contexts" = '--- []

', "booktitle" = 'Proceedings of the Nineteenth Annual International ACM SIGIR Conference on Research and Development in Information Retrieval', "authors" = '--- 
- A Bookstein
- S T Klein
', "tech" = NULL WHERE id = 10[0m
  [4;35;1mSQL (0.047085)[0m   [0mCOMMIT[0m


NoMethodError (undefined method `xml_escape' for "A Bookstein":String):
    /app/models/citation.rb:19:in `to_xml'
    /app/models/citation.rb:19:in `each'
    /app/models/citation.rb:19:in `to_xml'
    .//app/controllers/citations_controller.rb:35:in `create'
    /usr/local/lib/ruby/gems/1.8/gems/actionpack-1.12.5/lib/action_controller/mime_responds.rb:155:in `call'
    /usr/local/lib/ruby/gems/1.8/gems/actionpack-1.12.5/lib/action_controller/mime_responds.rb:155:in `respond'
    /usr/local/lib/ruby/gems/1.8/gems/actionpack-1.12.5/lib/action_controller/mime_responds.rb:149:in `each'
    /usr/local/lib/ruby/gems/1.8/gems/actionpack-1.12.5/lib/action_controller/mime_responds.rb:149:in `respond'
    /usr/local/lib/ruby/gems/1.8/gems/actionpack-1.12.5/lib/action_controller/mime_responds.rb:106:in `respond_to'
    .//app/controllers/citations_controller.rb:32:in `create'
    /usr/local/lib/ruby/gems/1.8/gems/actionpack-1.12.5/lib/action_controller/base.rb:941:in `send'
    /usr/local/lib/ruby/gems/1.8/gems/actionpack-1.12.5/lib/action_controller/base.rb:941:in `perform_action_without_filters'
    /usr/local/lib/ruby/gems/1.8/gems/actionpack-1.12.5/lib/action_controller/filters.rb:368:in `perform_action_without_benchmark'
    /usr/local/lib/ruby/gems/1.8/gems/actionpack-1.12.5/lib/action_controller/benchmarking.rb:69:in `perform_action_without_rescue'
    /usr/local/lib/ruby/1.8/benchmark.rb:293:in `measure'
    /usr/local/lib/ruby/gems/1.8/gems/actionpack-1.12.5/lib/action_controller/benchmarking.rb:69:in `perform_action_without_rescue'
    /usr/local/lib/ruby/gems/1.8/gems/actionpack-1.12.5/lib/action_controller/rescue.rb:82:in `perform_action'
    /usr/local/lib/ruby/gems/1.8/gems/actionpack-1.12.5/lib/action_controller/base.rb:408:in `send'
    /usr/local/lib/ruby/gems/1.8/gems/actionpack-1.12.5/lib/action_controller/base.rb:408:in `process_without_filters'
    /usr/local/lib/ruby/gems/1.8/gems/actionpack-1.12.5/lib/action_controller/filters.rb:377:in `process_without_session_management_support'
    /usr/local/lib/ruby/gems/1.8/gems/actionpack-1.12.5/lib/action_controller/session_management.rb:117:in `process'
    /usr/local/lib/ruby/gems/1.8/gems/rails-1.1.6/lib/dispatcher.rb:38:in `dispatch'
    /usr/local/lib/ruby/gems/1.8/gems/rails-1.1.6/lib/webrick_server.rb:115:in `handle_dispatch'
    /usr/local/lib/ruby/gems/1.8/gems/rails-1.1.6/lib/webrick_server.rb:81:in `service'
    /usr/local/lib/ruby/1.8/webrick/httpserver.rb:104:in `service'
    /usr/local/lib/ruby/1.8/webrick/httpserver.rb:65:in `run'
    /usr/local/lib/ruby/1.8/webrick/server.rb:173:in `start_thread'
    /usr/local/lib/ruby/1.8/webrick/server.rb:162:in `start'
    /usr/local/lib/ruby/1.8/webrick/server.rb:162:in `start_thread'
    /usr/local/lib/ruby/1.8/webrick/server.rb:95:in `start'
    /usr/local/lib/ruby/1.8/webrick/server.rb:92:in `each'
    /usr/local/lib/ruby/1.8/webrick/server.rb:92:in `start'
    /usr/local/lib/ruby/1.8/webrick/server.rb:23:in `start'
    /usr/local/lib/ruby/1.8/webrick/server.rb:82:in `start'
    /usr/local/lib/ruby/gems/1.8/gems/rails-1.1.6/lib/webrick_server.rb:67:in `dispatch'
    /usr/local/lib/ruby/gems/1.8/gems/rails-1.1.6/lib/commands/servers/webrick.rb:59
    /usr/local/lib/ruby/site_ruby/1.8/rubygems/custom_require.rb:27:in `gem_original_require'
    /usr/local/lib/ruby/site_ruby/1.8/rubygems/custom_require.rb:27:in `require'
    /usr/local/lib/ruby/gems/1.8/gems/activesupport-1.3.1/lib/active_support/dependencies.rb:147:in `require'
    /usr/local/lib/ruby/gems/1.8/gems/rails-1.1.6/lib/commands/server.rb:30
    /usr/local/lib/ruby/site_ruby/1.8/rubygems/custom_require.rb:27:in `gem_original_require'
    /usr/local/lib/ruby/site_ruby/1.8/rubygems/custom_require.rb:27:in `require'
    /usr/local/lib/ruby/gems/1.8/gems/activesupport-1.3.1/lib/active_support/dependencies.rb:147:in `require'
    ./script/server:3


Rendering /usr/local/lib/ruby/gems/1.8/gems/actionpack-1.12.5/lib/action_controller/templates/rescues/layout.rhtml (500 Internal Error)
CitationsController: missing default helper path citations_helper


Processing CitationsController#create (for 127.0.0.1 at 2008-05-12 10:00:37) [POST]
  Session ID: 47b8002dbb3b9601159e63b7f8c2e960
  Parameters: {"citation"=>"A. Bookstein and S. T. Klein,   Detecting content-bearing words by serial clustering,   Proceedings of the Nineteenth Annual International ACM SIGIR Conference on Research and Development in Information Retrieval,   pp. 319327,   1995.", "action"=>"create", "controller"=>"citations"}
  [4;36;1mSQL (0.001190)[0m   [0;1mSET client_encoding TO 'unicode'[0m
  [4;35;1mSQL (0.003739)[0m   [0m SELECT a.attname, format_type(a.atttypid, a.atttypmod), d.adsrc, a.attnotnull
 FROM pg_attribute a LEFT JOIN pg_attrdef d
 ON a.attrelid = d.adrelid AND a.attnum = d.adnum
 WHERE a.attrelid = 'citations'::regclass
 AND a.attnum > 0 AND NOT a.attisdropped
 ORDER BY a.attnum
[0m
  [4;36;1mSQL (0.000183)[0m   [0;1mBEGIN[0m
  [4;35;1mPK and serial sequence (0.003019)[0m   [0m SELECT attr.attname, name.nspname, seq.relname
 FROM pg_class seq,
 pg_attribute attr,
 pg_depend dep,
 pg_namespace name,
 pg_constraint cons
 WHERE seq.oid = dep.objid
 AND seq.relnamespace = name.oid
 AND seq.relkind = 'S'
 AND attr.attrelid = dep.refobjid
 AND attr.attnum = dep.refobjsubid
 AND attr.attrelid = cons.conrelid
 AND attr.attnum = cons.conkey[1]
 AND cons.contype = 'p'
 AND dep.refobjid = 'citations'::regclass
[0m
  [4;36;1mCitation Create (0.000685)[0m   [0;1mINSERT INTO citations ("tech", "journal", "raw_string", "institution", "marker_type", "number", "title", "marker", "editor", "publisher", "note", "year", "authors", "booktitle", "contexts", "pages", "volume", "location") VALUES(NULL, NULL, NULL, NULL, NULL, NULL, 'Detecting content-bearing words by serial clustering', NULL, NULL, NULL, NULL, 1995, '--- 
- A Bookstein
- S T Klein
', 'Proceedings of the Nineteenth Annual International ACM SIGIR Conference on Research and Development in Information Retrieval', '--- []

', '319327', NULL, NULL)[0m
  [4;35;1mSQL (0.000406)[0m   [0mSELECT currval('public.citations_id_seq')[0m
  [4;36;1mSQL (0.106165)[0m   [0;1mCOMMIT[0m
  [4;35;1mSQL (0.000157)[0m   [0mBEGIN[0m
  [4;36;1mCitation Update (0.000842)[0m   [0;1mUPDATE citations SET "editor" = NULL, "institution" = NULL, "raw_string" = NULL, "location" = NULL, "pages" = '319327', "title" = 'Detecting content-bearing words by serial clustering', "number" = NULL, "volume" = NULL, "marker" = NULL, "journal" = NULL, "year" = 1995, "note" = NULL, "publisher" = NULL, "marker_type" = NULL, "contexts" = '--- []

', "booktitle" = 'Proceedings of the Nineteenth Annual International ACM SIGIR Conference on Research and Development in Information Retrieval', "authors" = '--- 
- A Bookstein
- S T Klein
', "tech" = NULL WHERE id = 11[0m
  [4;35;1mSQL (0.000794)[0m   [0mCOMMIT[0m
Completed in 2.53060 (0 reqs/sec) | Rendering: 0.00008 (0%) | DB: 0.11718 (4%) | 200 OK [http://localhost/citations/create]
